<?xml version="1.0" encoding="UTF-8"?>
<!-- Generated by org.testng.reporters.JUnitReportReporter -->
<testsuite skipped="1" hostname="LAPTOP-3M5A5R3N" name="app.pp.HomepageTest" tests="7" failures="0" timestamp="22 Feb 2019 02:58:20 GMT" time="6.180" errors="0">
  <testcase name="verifySuccessfulLogin" time="2.592" classname="app.pp.HomepageTest"/>
  <testcase name="isInviteuserButtonseen" time="0.091" classname="app.pp.HomepageTest"/>
  <testcase name="isMenubuttonClicked" time="0.176" classname="app.pp.HomepageTest"/>
  <testcase name="isHelpbuttonDisplayed" time="0.033" classname="app.pp.HomepageTest"/>
  <testcase name="isSettingimageButtonDisplayed" time="3.240" classname="app.pp.HomepageTest"/>
  <testcase name="isPinbuttonDisplayed" time="0.048" classname="app.pp.HomepageTest"/>
  <testcase name="verifyText" classname="app.pp.HomepageTest">
    <skipped/>
  </testcase> <!-- verifyText -->
</testsuite> <!-- app.pp.HomepageTest -->
